2025-05-16 14:51:21,705 - INFO - 投票機器人開始執行，目標候選人: Film Rachanun
2025-05-16 14:51:21,705 - INFO - --- 開始第 1 輪投票 ---
2025-05-16 14:51:21,705 - INFO - 開始設置 Chrome 驅動程式...
2025-05-16 14:51:21,706 - ERROR - 設置 ChromeDriver 時發生嚴重錯誤: Message: Unable to obtain driver for chrome; For documentation on this error, please visit: https://www.selenium.dev/documentation/webdriver/troubleshooting/errors/driver_location

2025-05-16 14:51:21,706 - ERROR - 請檢查 ChromeDriver 是否已正確安裝並位於路徑 /usr/local/bin/chromedriver, 或者考慮使用 webdriver-manager。
2025-05-16 14:51:21,706 - ERROR - 在主投票過程中發生錯誤: Message: Unable to obtain driver for chrome; For documentation on this error, please visit: https://www.selenium.dev/documentation/webdriver/troubleshooting/errors/driver_location

2025-05-16 14:51:21,706 - INFO - --- 第 1 輪投票流程結束 ---
2025-05-16 14:51:21,706 - INFO - 當前時間: 2025-05-16 14:51:21
2025-05-16 14:51:21,706 - INFO - 下次投票計劃時間: 2025-05-16 14:56:21
2025-05-16 14:51:21,706 - INFO - 距離下次投票還有 4 分鐘 59 秒。休眠 60 秒。
2025-05-16 14:51:30,608 - INFO - 程式被使用者手動中斷。正在退出...
2025-05-16 14:51:30,895 - INFO - 投票機器人開始執行，目標候選人: Film Rachanun
2025-05-16 14:51:30,895 - INFO - --- 開始第 1 輪投票 ---
2025-05-16 14:51:30,895 - INFO - 開始設置 Chrome 驅動程式...
2025-05-16 14:51:30,895 - ERROR - 設置 ChromeDriver 時發生嚴重錯誤: Message: Unable to obtain driver for chrome; For documentation on this error, please visit: https://www.selenium.dev/documentation/webdriver/troubleshooting/errors/driver_location

2025-05-16 14:51:30,895 - ERROR - 請檢查 ChromeDriver 是否已正確安裝並位於路徑 /usr/local/bin/chromedriver, 或者考慮使用 webdriver-manager。
2025-05-16 14:51:30,895 - ERROR - 在主投票過程中發生錯誤: Message: Unable to obtain driver for chrome; For documentation on this error, please visit: https://www.selenium.dev/documentation/webdriver/troubleshooting/errors/driver_location

2025-05-16 14:51:30,895 - INFO - --- 第 1 輪投票流程結束 ---
2025-05-16 14:51:30,895 - INFO - 當前時間: 2025-05-16 14:51:30
2025-05-16 14:51:30,895 - INFO - 下次投票計劃時間: 2025-05-16 14:56:30
2025-05-16 14:51:30,895 - INFO - 距離下次投票還有 4 分鐘 59 秒。休眠 60 秒。
2025-05-16 14:51:32,432 - INFO - 程式被使用者手動中斷。正在退出...
2025-05-16 14:51:32,687 - INFO - 投票機器人開始執行，目標候選人: Film Rachanun
2025-05-16 14:51:32,687 - INFO - --- 開始第 1 輪投票 ---
2025-05-16 14:51:32,687 - INFO - 開始設置 Chrome 驅動程式...
2025-05-16 14:51:32,688 - ERROR - 設置 ChromeDriver 時發生嚴重錯誤: Message: Unable to obtain driver for chrome; For documentation on this error, please visit: https://www.selenium.dev/documentation/webdriver/troubleshooting/errors/driver_location

2025-05-16 14:51:32,688 - ERROR - 請檢查 ChromeDriver 是否已正確安裝並位於路徑 /usr/local/bin/chromedriver, 或者考慮使用 webdriver-manager。
2025-05-16 14:51:32,688 - ERROR - 在主投票過程中發生錯誤: Message: Unable to obtain driver for chrome; For documentation on this error, please visit: https://www.selenium.dev/documentation/webdriver/troubleshooting/errors/driver_location

2025-05-16 14:51:32,688 - INFO - --- 第 1 輪投票流程結束 ---
2025-05-16 14:51:32,688 - INFO - 當前時間: 2025-05-16 14:51:32
2025-05-16 14:51:32,688 - INFO - 下次投票計劃時間: 2025-05-16 14:56:32
2025-05-16 14:51:32,688 - INFO - 距離下次投票還有 4 分鐘 59 秒。休眠 60 秒。
2025-05-16 14:51:43,569 - INFO - 程式被使用者手動中斷。正在退出...
2025-05-16 14:51:45,433 - INFO - 投票機器人開始執行，目標候選人: Film Rachanun
2025-05-16 14:51:45,433 - INFO - --- 開始第 1 輪投票 ---
2025-05-16 14:51:45,433 - INFO - 開始設置 Chrome 驅動程式...
2025-05-16 14:51:45,434 - ERROR - 設置 ChromeDriver 時發生嚴重錯誤: Message: Unable to obtain driver for chrome; For documentation on this error, please visit: https://www.selenium.dev/documentation/webdriver/troubleshooting/errors/driver_location

2025-05-16 14:51:45,434 - ERROR - 請檢查 ChromeDriver 是否已正確安裝並位於路徑 /usr/local/bin/chromedriver, 或者考慮使用 webdriver-manager。
2025-05-16 14:51:45,434 - ERROR - 在主投票過程中發生錯誤: Message: Unable to obtain driver for chrome; For documentation on this error, please visit: https://www.selenium.dev/documentation/webdriver/troubleshooting/errors/driver_location

2025-05-16 14:51:45,434 - INFO - --- 第 1 輪投票流程結束 ---
2025-05-16 14:51:45,434 - INFO - 當前時間: 2025-05-16 14:51:45
2025-05-16 14:51:45,434 - INFO - 下次投票計劃時間: 2025-05-16 14:56:45
2025-05-16 14:51:45,434 - INFO - 距離下次投票還有 4 分鐘 59 秒。休眠 60 秒。
2025-05-16 14:52:39,366 - INFO - 程式被使用者手動中斷。正在退出...
2025-05-16 14:54:05,333 - INFO - 投票機器人開始執行，目標候選人: Film Rachanun
2025-05-16 14:54:05,334 - INFO - --- 開始第 1 輪投票 ---
2025-05-16 14:54:05,334 - INFO - 開始設置 Chrome 驅動程式...
2025-05-16 14:54:05,334 - ERROR - 設置 ChromeDriver 時發生嚴重錯誤: name 'service' is not defined
2025-05-16 14:54:05,334 - ERROR - 請檢查 ChromeDriver 是否已正確安裝並位於路徑 /usr/local/bin/chromedriver, 或者考慮使用 webdriver-manager。
2025-05-16 14:54:05,334 - ERROR - 在主投票過程中發生錯誤: name 'service' is not defined
2025-05-16 14:54:05,334 - INFO - --- 第 1 輪投票流程結束 ---
2025-05-16 14:54:05,334 - INFO - 當前時間: 2025-05-16 14:54:05
2025-05-16 14:54:05,334 - INFO - 下次投票計劃時間: 2025-05-16 14:59:05
2025-05-16 14:54:05,334 - INFO - 距離下次投票還有 4 分鐘 59 秒。休眠 60 秒。
2025-05-16 14:54:29,686 - INFO - 程式被使用者手動中斷。正在退出...
2025-05-16 14:54:30,019 - INFO - 投票機器人開始執行，目標候選人: Film Rachanun
2025-05-16 14:54:30,019 - INFO - --- 開始第 1 輪投票 ---
2025-05-16 14:54:30,019 - INFO - 開始設置 Chrome 驅動程式...
2025-05-16 14:54:30,019 - INFO - 使用 webdriver-manager 自動獲取 ChromeDriver...
2025-05-16 14:54:30,019 - INFO - ====== WebDriver manager ======
2025-05-16 14:54:30,213 - INFO - Get LATEST chromedriver version for google-chrome
2025-05-16 14:54:30,561 - INFO - Get LATEST chromedriver version for google-chrome
2025-05-16 14:54:30,878 - INFO - Driver [/Users/moonion/.wdm/drivers/chromedriver/mac64/136.0.7103.94/chromedriver-mac-arm64/chromedriver] found in cache
2025-05-16 14:54:32,005 - INFO - Chrome 驅動程式設置完成
2025-05-16 14:54:32,005 - INFO - 準備投票給: Film Rachanun
2025-05-16 14:54:32,005 - INFO - 正在訪問投票頁面: https://www.thaiupdate.info/the-best-glamorous-star-final/
2025-05-16 14:54:40,655 - INFO - 嘗試使用 JavaScript 選擇候選人: Film Rachanun
2025-05-16 14:54:40,669 - ERROR - 未能通過 JavaScript 找到或點擊候選人: Film Rachanun
2025-05-16 14:54:41,133 - ERROR - 為 Film Rachanun 的投票流程未能成功執行選擇或提交步驟。
2025-05-16 14:54:43,138 - INFO - 關閉瀏覽器...
2025-05-16 14:54:43,232 - INFO - 瀏覽器已關閉。
2025-05-16 14:54:43,233 - INFO - --- 第 1 輪投票流程結束 ---
2025-05-16 14:54:43,233 - INFO - 當前時間: 2025-05-16 14:54:43
2025-05-16 14:54:43,233 - INFO - 下次投票計劃時間: 2025-05-16 14:59:43
2025-05-16 14:54:43,233 - INFO - 距離下次投票還有 4 分鐘 59 秒。休眠 60 秒。
2025-05-16 14:55:43,242 - INFO - 距離下次投票還有 3 分鐘 59 秒。休眠 60 秒。
2025-05-16 14:56:43,251 - INFO - 距離下次投票還有 2 分鐘 59 秒。休眠 60 秒。
2025-05-16 14:57:43,262 - INFO - 距離下次投票還有 1 分鐘 59 秒。休眠 60 秒。
2025-05-16 14:58:43,268 - INFO - 距離下次投票還有 59 秒。休眠 59 秒。
2025-05-16 14:59:43,277 - INFO - --- 開始第 2 輪投票 ---
2025-05-16 14:59:43,279 - INFO - 開始設置 Chrome 驅動程式...
2025-05-16 14:59:43,280 - INFO - 使用 webdriver-manager 自動獲取 ChromeDriver...
2025-05-16 14:59:43,281 - INFO - ====== WebDriver manager ======
2025-05-16 14:59:43,539 - INFO - Get LATEST chromedriver version for google-chrome
2025-05-16 14:59:43,824 - INFO - Get LATEST chromedriver version for google-chrome
2025-05-16 14:59:44,132 - INFO - Driver [/Users/moonion/.wdm/drivers/chromedriver/mac64/136.0.7103.94/chromedriver-mac-arm64/chromedriver] found in cache
2025-05-16 14:59:46,036 - INFO - Chrome 驅動程式設置完成
2025-05-16 14:59:46,051 - INFO - 準備投票給: Film Rachanun
2025-05-16 14:59:46,051 - INFO - 正在訪問投票頁面: https://www.thaiupdate.info/the-best-glamorous-star-final/
2025-05-16 14:59:54,031 - INFO - 嘗試使用 JavaScript 選擇候選人: Film Rachanun
2025-05-16 14:59:54,047 - ERROR - 未能通過 JavaScript 找到或點擊候選人: Film Rachanun
2025-05-16 14:59:54,348 - ERROR - 為 Film Rachanun 的投票流程未能成功執行選擇或提交步驟。
2025-05-16 14:59:56,358 - INFO - 關閉瀏覽器...
2025-05-16 14:59:56,441 - INFO - 瀏覽器已關閉。
2025-05-16 14:59:56,442 - INFO - --- 第 2 輪投票流程結束 ---
2025-05-16 14:59:56,442 - INFO - 當前時間: 2025-05-16 14:59:56
2025-05-16 14:59:56,442 - INFO - 下次投票計劃時間: 2025-05-16 15:04:56
2025-05-16 14:59:56,442 - INFO - 距離下次投票還有 4 分鐘 59 秒。休眠 60 秒。
2025-05-16 15:16:33,218 - INFO - --- 開始第 3 輪投票 ---
2025-05-16 15:16:33,220 - INFO - 開始設置 Chrome 驅動程式...
2025-05-16 15:16:33,221 - INFO - 使用 webdriver-manager 自動獲取 ChromeDriver...
2025-05-16 15:16:33,222 - INFO - ====== WebDriver manager ======
2025-05-16 15:16:33,519 - INFO - Get LATEST chromedriver version for google-chrome
2025-05-16 15:16:33,868 - INFO - Get LATEST chromedriver version for google-chrome
2025-05-16 15:16:34,186 - INFO - Driver [/Users/moonion/.wdm/drivers/chromedriver/mac64/136.0.7103.94/chromedriver-mac-arm64/chromedriver] found in cache
2025-05-16 15:16:35,336 - INFO - Chrome 驅動程式設置完成
2025-05-16 15:16:35,336 - INFO - 準備投票給: Film Rachanun
2025-05-16 15:16:35,336 - INFO - 正在訪問投票頁面: https://www.thaiupdate.info/the-best-glamorous-star-final/
2025-05-16 15:16:43,187 - INFO - 嘗試使用 JavaScript 選擇候選人: Film Rachanun
2025-05-16 15:16:43,204 - ERROR - 未能通過 JavaScript 找到或點擊候選人: Film Rachanun
2025-05-16 15:16:43,661 - ERROR - 為 Film Rachanun 的投票流程未能成功執行選擇或提交步驟。
2025-05-16 15:16:45,664 - INFO - 關閉瀏覽器...
2025-05-16 15:16:45,754 - INFO - 瀏覽器已關閉。
2025-05-16 15:16:45,754 - INFO - --- 第 3 輪投票流程結束 ---
2025-05-16 15:16:45,754 - INFO - 當前時間: 2025-05-16 15:16:45
2025-05-16 15:16:45,754 - INFO - 下次投票計劃時間: 2025-05-16 15:21:45
2025-05-16 15:16:45,754 - INFO - 距離下次投票還有 4 分鐘 59 秒。休眠 60 秒。
2025-05-16 15:17:45,760 - INFO - 距離下次投票還有 3 分鐘 59 秒。休眠 60 秒。
2025-05-16 15:18:45,765 - INFO - 距離下次投票還有 2 分鐘 59 秒。休眠 60 秒。
2025-05-16 15:19:45,776 - INFO - 距離下次投票還有 1 分鐘 59 秒。休眠 60 秒。
2025-05-16 15:20:45,786 - INFO - 距離下次投票還有 59 秒。休眠 59 秒。
2025-05-16 15:21:45,797 - INFO - --- 開始第 4 輪投票 ---
2025-05-16 15:21:45,799 - INFO - 開始設置 Chrome 驅動程式...
2025-05-16 15:21:45,799 - INFO - 使用 webdriver-manager 自動獲取 ChromeDriver...
2025-05-16 15:21:45,800 - INFO - ====== WebDriver manager ======
2025-05-16 15:21:46,039 - INFO - Get LATEST chromedriver version for google-chrome
2025-05-16 15:21:46,344 - INFO - Get LATEST chromedriver version for google-chrome
2025-05-16 15:21:46,575 - INFO - Driver [/Users/moonion/.wdm/drivers/chromedriver/mac64/136.0.7103.94/chromedriver-mac-arm64/chromedriver] found in cache
2025-05-16 15:21:47,546 - INFO - Chrome 驅動程式設置完成
2025-05-16 15:21:47,547 - INFO - 準備投票給: Film Rachanun
2025-05-16 15:21:47,547 - INFO - 正在訪問投票頁面: https://www.thaiupdate.info/the-best-glamorous-star-final/
2025-05-16 15:21:55,440 - INFO - 嘗試使用 JavaScript 選擇候選人: Film Rachanun
2025-05-16 15:21:55,459 - ERROR - 未能通過 JavaScript 找到或點擊候選人: Film Rachanun
2025-05-16 15:21:55,867 - ERROR - 為 Film Rachanun 的投票流程未能成功執行選擇或提交步驟。
2025-05-16 15:21:57,872 - INFO - 關閉瀏覽器...
2025-05-16 15:21:57,960 - INFO - 瀏覽器已關閉。
2025-05-16 15:21:57,960 - INFO - --- 第 4 輪投票流程結束 ---
2025-05-16 15:21:57,960 - INFO - 當前時間: 2025-05-16 15:21:57
2025-05-16 15:21:57,960 - INFO - 下次投票計劃時間: 2025-05-16 15:26:57
2025-05-16 15:21:57,961 - INFO - 距離下次投票還有 4 分鐘 59 秒。休眠 60 秒。
2025-05-16 15:22:57,968 - INFO - 距離下次投票還有 3 分鐘 59 秒。休眠 60 秒。
2025-05-16 15:23:57,978 - INFO - 距離下次投票還有 2 分鐘 59 秒。休眠 60 秒。
2025-05-16 15:24:57,986 - INFO - 距離下次投票還有 1 分鐘 59 秒。休眠 60 秒。
2025-05-16 16:16:11,262 - INFO - --- 開始第 5 輪投票 ---
2025-05-16 16:16:11,264 - INFO - 開始設置 Chrome 驅動程式...
2025-05-16 16:16:11,265 - INFO - 使用 webdriver-manager 自動獲取 ChromeDriver...
2025-05-16 16:16:11,266 - INFO - ====== WebDriver manager ======
2025-05-16 16:16:11,506 - INFO - Get LATEST chromedriver version for google-chrome
2025-05-16 16:16:11,509 - ERROR - 設置 ChromeDriver 時發生嚴重錯誤: Could not reach host. Are you offline?
2025-05-16 16:16:11,509 - ERROR - 請檢查 ChromeDriver 是否已正確安裝並位於路徑 /usr/local/bin/chromedriver, 或者考慮使用 webdriver-manager。
2025-05-16 16:16:11,509 - ERROR - 在主投票過程中發生錯誤: Could not reach host. Are you offline?
2025-05-16 16:16:11,509 - INFO - --- 第 5 輪投票流程結束 ---
2025-05-16 16:16:11,509 - INFO - 當前時間: 2025-05-16 16:16:11
2025-05-16 16:16:11,509 - INFO - 下次投票計劃時間: 2025-05-16 16:21:11
2025-05-16 16:16:11,509 - INFO - 距離下次投票還有 4 分鐘 59 秒。休眠 60 秒。
2025-05-16 16:17:11,521 - INFO - 距離下次投票還有 3 分鐘 59 秒。休眠 60 秒。
2025-05-16 16:18:11,528 - INFO - 距離下次投票還有 2 分鐘 59 秒。休眠 60 秒。
2025-05-16 17:25:40,205 - INFO - --- 開始第 6 輪投票 ---
2025-05-16 17:25:40,209 - INFO - 開始設置 Chrome 驅動程式...
2025-05-16 17:25:40,209 - INFO - 使用 webdriver-manager 自動獲取 ChromeDriver...
2025-05-16 17:25:40,210 - INFO - ====== WebDriver manager ======
2025-05-16 17:25:40,381 - INFO - Get LATEST chromedriver version for google-chrome
2025-05-16 17:25:40,384 - ERROR - 設置 ChromeDriver 時發生嚴重錯誤: Could not reach host. Are you offline?
2025-05-16 17:25:40,384 - ERROR - 請檢查 ChromeDriver 是否已正確安裝並位於路徑 /usr/local/bin/chromedriver, 或者考慮使用 webdriver-manager。
2025-05-16 17:25:40,384 - ERROR - 在主投票過程中發生錯誤: Could not reach host. Are you offline?
2025-05-16 17:25:40,384 - INFO - --- 第 6 輪投票流程結束 ---
2025-05-16 17:25:40,384 - INFO - 當前時間: 2025-05-16 17:25:40
2025-05-16 17:25:40,384 - INFO - 下次投票計劃時間: 2025-05-16 17:30:40
2025-05-16 17:25:40,384 - INFO - 距離下次投票還有 4 分鐘 59 秒。休眠 60 秒。
2025-05-16 18:53:26,220 - INFO - --- 開始第 7 輪投票 ---
2025-05-16 18:53:26,223 - INFO - 開始設置 Chrome 驅動程式...
2025-05-16 18:53:26,224 - INFO - 使用 webdriver-manager 自動獲取 ChromeDriver...
2025-05-16 18:53:26,225 - INFO - ====== WebDriver manager ======
2025-05-16 18:53:26,432 - INFO - Get LATEST chromedriver version for google-chrome
2025-05-16 18:53:26,728 - INFO - Get LATEST chromedriver version for google-chrome
2025-05-16 18:53:27,046 - INFO - Driver [/Users/moonion/.wdm/drivers/chromedriver/mac64/136.0.7103.94/chromedriver-mac-arm64/chromedriver] found in cache
2025-05-16 18:53:28,203 - INFO - Chrome 驅動程式設置完成
2025-05-16 18:53:28,203 - INFO - 準備投票給: Film Rachanun
2025-05-16 18:53:28,203 - INFO - 正在訪問投票頁面: https://www.thaiupdate.info/the-best-glamorous-star-final/
2025-05-16 18:53:36,186 - INFO - 嘗試使用 JavaScript 選擇候選人: Film Rachanun
2025-05-16 18:53:36,214 - ERROR - 未能通過 JavaScript 找到或點擊候選人: Film Rachanun
2025-05-16 18:53:36,641 - ERROR - 為 Film Rachanun 的投票流程未能成功執行選擇或提交步驟。
2025-05-16 18:53:38,644 - INFO - 關閉瀏覽器...
2025-05-16 18:53:38,737 - INFO - 瀏覽器已關閉。
2025-05-16 18:53:38,737 - INFO - --- 第 7 輪投票流程結束 ---
2025-05-16 18:53:38,737 - INFO - 當前時間: 2025-05-16 18:53:38
2025-05-16 18:53:38,737 - INFO - 下次投票計劃時間: 2025-05-16 18:58:38
2025-05-16 18:53:38,737 - INFO - 距離下次投票還有 4 分鐘 59 秒。休眠 60 秒。
2025-05-16 18:54:38,748 - INFO - 距離下次投票還有 3 分鐘 59 秒。休眠 60 秒。
2025-05-16 18:55:56,958 - INFO - 距離下次投票還有 2 分鐘 41 秒。休眠 60 秒。
2025-05-16 19:00:55,874 - INFO - --- 開始第 8 輪投票 ---
2025-05-16 19:00:55,876 - INFO - 開始設置 Chrome 驅動程式...
2025-05-16 19:00:55,880 - INFO - 使用 webdriver-manager 自動獲取 ChromeDriver...
2025-05-16 19:00:55,883 - INFO - ====== WebDriver manager ======
2025-05-16 19:00:56,144 - INFO - Get LATEST chromedriver version for google-chrome
2025-05-16 19:00:56,450 - INFO - Get LATEST chromedriver version for google-chrome
2025-05-16 19:00:56,755 - INFO - Driver [/Users/moonion/.wdm/drivers/chromedriver/mac64/136.0.7103.94/chromedriver-mac-arm64/chromedriver] found in cache
2025-05-16 19:00:58,218 - INFO - Chrome 驅動程式設置完成
2025-05-16 19:00:58,219 - INFO - 準備投票給: Film Rachanun
2025-05-16 19:00:58,219 - INFO - 正在訪問投票頁面: https://www.thaiupdate.info/the-best-glamorous-star-final/
2025-05-16 19:01:04,557 - INFO - 嘗試使用 JavaScript 選擇候選人: Film Rachanun
2025-05-16 19:01:04,583 - ERROR - 未能通過 JavaScript 找到或點擊候選人: Film Rachanun
2025-05-16 19:01:05,022 - ERROR - 為 Film Rachanun 的投票流程未能成功執行選擇或提交步驟。
2025-05-16 19:01:07,023 - INFO - 關閉瀏覽器...
2025-05-16 19:01:07,121 - INFO - 瀏覽器已關閉。
2025-05-16 19:01:07,121 - INFO - --- 第 8 輪投票流程結束 ---
2025-05-16 19:01:07,121 - INFO - 當前時間: 2025-05-16 19:01:07
2025-05-16 19:01:07,121 - INFO - 下次投票計劃時間: 2025-05-16 19:06:07
2025-05-16 19:01:07,121 - INFO - 距離下次投票還有 4 分鐘 59 秒。休眠 60 秒。
2025-05-16 19:02:07,281 - INFO - 距離下次投票還有 3 分鐘 59 秒。休眠 60 秒。
2025-05-16 19:03:07,408 - INFO - 距離下次投票還有 2 分鐘 59 秒。休眠 60 秒。
2025-05-16 19:04:07,416 - INFO - 距離下次投票還有 1 分鐘 59 秒。休眠 60 秒。
2025-05-16 19:05:07,423 - INFO - 距離下次投票還有 59 秒。休眠 59 秒。
2025-05-16 19:06:07,437 - INFO - --- 開始第 9 輪投票 ---
2025-05-16 19:06:07,439 - INFO - 開始設置 Chrome 驅動程式...
2025-05-16 19:06:07,442 - INFO - 使用 webdriver-manager 自動獲取 ChromeDriver...
2025-05-16 19:06:07,446 - INFO - ====== WebDriver manager ======
2025-05-16 19:06:07,705 - INFO - Get LATEST chromedriver version for google-chrome
2025-05-16 19:06:07,964 - INFO - Get LATEST chromedriver version for google-chrome
2025-05-16 19:06:08,246 - INFO - Driver [/Users/moonion/.wdm/drivers/chromedriver/mac64/136.0.7103.94/chromedriver-mac-arm64/chromedriver] found in cache
2025-05-16 19:06:09,590 - INFO - Chrome 驅動程式設置完成
2025-05-16 19:06:09,591 - INFO - 準備投票給: Film Rachanun
2025-05-16 19:06:09,591 - INFO - 正在訪問投票頁面: https://www.thaiupdate.info/the-best-glamorous-star-final/
2025-05-16 19:06:18,017 - INFO - 嘗試使用 JavaScript 選擇候選人: Film Rachanun
2025-05-16 19:06:18,051 - ERROR - 未能通過 JavaScript 找到或點擊候選人: Film Rachanun
2025-05-16 19:06:18,474 - ERROR - 為 Film Rachanun 的投票流程未能成功執行選擇或提交步驟。
2025-05-16 19:06:20,476 - INFO - 關閉瀏覽器...
2025-05-16 19:06:20,623 - INFO - 瀏覽器已關閉。
2025-05-16 19:06:20,624 - INFO - --- 第 9 輪投票流程結束 ---
2025-05-16 19:06:20,624 - INFO - 當前時間: 2025-05-16 19:06:20
2025-05-16 19:06:20,624 - INFO - 下次投票計劃時間: 2025-05-16 19:11:20
2025-05-16 19:06:20,624 - INFO - 距離下次投票還有 4 分鐘 59 秒。休眠 60 秒。
2025-05-16 19:07:20,629 - INFO - 距離下次投票還有 3 分鐘 59 秒。休眠 60 秒。
2025-05-16 19:08:20,631 - INFO - 距離下次投票還有 2 分鐘 59 秒。休眠 60 秒。
2025-05-16 19:09:20,637 - INFO - 距離下次投票還有 1 分鐘 59 秒。休眠 60 秒。
2025-05-16 19:09:56,597 - INFO - 程式被使用者手動中斷。正在退出...
2025-05-16 19:12:28,764 - INFO - 投票機器人開始執行，目標候選人: Film Rachanun (通過文本搜索: 'Film Rachanun')
2025-05-16 19:12:28,764 - INFO - --- 開始第 1 輪投票 ---
2025-05-16 19:12:28,764 - INFO - 開始設置 Chrome 驅動程式...
2025-05-16 19:12:28,764 - INFO - 使用 webdriver-manager 自動獲取 ChromeDriver...
2025-05-16 19:12:28,764 - INFO - ====== WebDriver manager ======
2025-05-16 19:12:29,000 - INFO - Get LATEST chromedriver version for google-chrome
2025-05-16 19:12:29,357 - INFO - Get LATEST chromedriver version for google-chrome
2025-05-16 19:12:29,670 - INFO - Driver [/Users/moonion/.wdm/drivers/chromedriver/mac64/136.0.7103.94/chromedriver-mac-arm64/chromedriver] found in cache
2025-05-16 19:12:31,313 - INFO - Chrome 驅動程式設置完成
2025-05-16 19:12:31,314 - INFO - 準備投票給候選人: Film Rachanun (通過 XPath 文本搜索: 'Film Rachanun')
2025-05-16 19:12:31,314 - INFO - 將使用的 XPath: //*[@id='post-63076']/div[2]/div[2]/div/div/div/div/form/div[3]/div[1]/ul//span[contains(normalize-space(.), 'Film Rachanun')]
2025-05-16 19:12:31,314 - INFO - 正在訪問投票頁面: https://www.thaiupdate.info/the-best-glamorous-star-final/
2025-05-16 19:12:41,623 - INFO - 嘗試使用 XPath 選擇候選人 'Film Rachanun'...
2025-05-16 19:12:42,819 - ERROR - 執行 XPath 投票操作時發生錯誤 (候選人: Film Rachanun): Message: element click intercepted: Element <span class="basic-text" style="color: #000000; font-size: 14px; font-weight: normal;">...</span> is not clickable at point (541, 1208). Other element would receive the click: <span class="s2">...</span>
  (Session info: chrome=136.0.7103.114)
Stacktrace:
0   chromedriver                        0x0000000102db43cc cxxbridge1$str$ptr + 2829900
1   chromedriver                        0x0000000102dac694 cxxbridge1$str$ptr + 2797844
2   chromedriver                        0x00000001028e9fbc cxxbridge1$string$len + 90140
3   chromedriver                        0x0000000102936d20 cxxbridge1$string$len + 404864
4   chromedriver                        0x000000010293528c cxxbridge1$string$len + 398060
5   chromedriver                        0x00000001029330a0 cxxbridge1$string$len + 389376
6   chromedriver                        0x000000010293249c cxxbridge1$string$len + 386300
7   chromedriver                        0x0000000102926f14 cxxbridge1$string$len + 339828
8   chromedriver                        0x00000001029269a0 cxxbridge1$string$len + 338432
9   chromedriver                        0x0000000102972044 cxxbridge1$string$len + 647332
10  chromedriver                        0x00000001029253f8 cxxbridge1$string$len + 332888
11  chromedriver                        0x0000000102d787f0 cxxbridge1$str$ptr + 2585200
12  chromedriver                        0x0000000102d7bac0 cxxbridge1$str$ptr + 2598208
13  chromedriver                        0x0000000102d59dc4 cxxbridge1$str$ptr + 2459716
14  chromedriver                        0x0000000102d7c338 cxxbridge1$str$ptr + 2600376
15  chromedriver                        0x0000000102d4b650 cxxbridge1$str$ptr + 2400464
16  chromedriver                        0x0000000102d9c29c cxxbridge1$str$ptr + 2731292
17  chromedriver                        0x0000000102d9c428 cxxbridge1$str$ptr + 2731688
18  chromedriver                        0x0000000102dac2e0 cxxbridge1$str$ptr + 2796896
19  libsystem_pthread.dylib             0x0000000191f702e4 _pthread_start + 136
20  libsystem_pthread.dylib             0x0000000191f6b0fc thread_start + 8
。已保存截圖: error_xpath_vote_exception_Film_Rachanun_20250516_191242.png
2025-05-16 19:12:42,953 - ERROR - 為 Film Rachanun 的投票流程未能成功執行選擇或提交步驟。
2025-05-16 19:12:44,954 - INFO - 關閉瀏覽器...
2025-05-16 19:12:45,050 - INFO - 瀏覽器已關閉。
2025-05-16 19:12:45,050 - INFO - --- 第 1 輪投票流程結束 ---
2025-05-16 19:12:45,050 - INFO - 下次投票計劃時間: 2025-05-16 19:17:45
2025-05-16 19:12:45,050 - INFO - 距離下次投票還有 4 分鐘 59 秒。休眠 60 秒。
2025-05-16 19:12:57,815 - INFO - 程式被使用者手動中斷。正在退出...
2025-05-16 21:20:53,433 - INFO - 投票機器人開始執行，目標候選人: Film Rachanun (通過文本搜索: 'Film Rachanun')
2025-05-16 21:20:53,434 - INFO - --- 開始第 1 輪投票 ---
2025-05-16 21:20:53,434 - INFO - 開始設置 Chrome 驅動程式...
2025-05-16 21:20:53,434 - INFO - 使用 webdriver-manager 自動獲取 ChromeDriver...
2025-05-16 21:20:53,434 - INFO - ====== WebDriver manager ======
2025-05-16 21:20:53,713 - INFO - Get LATEST chromedriver version for google-chrome
2025-05-16 21:20:54,037 - INFO - Get LATEST chromedriver version for google-chrome
2025-05-16 21:20:54,299 - INFO - Driver [/Users/moonion/.wdm/drivers/chromedriver/mac64/136.0.7103.94/chromedriver-mac-arm64/chromedriver] found in cache
2025-05-16 21:20:55,535 - INFO - Chrome 驅動程式設置完成
2025-05-16 21:20:55,536 - INFO - 準備投票給候選人: Film Rachanun (通過 XPath 文本搜索: 'Film Rachanun')
2025-05-16 21:20:55,536 - INFO - 將使用的 XPath: //*[@id='post-63076']/div[2]/div[2]/div/div/div/div/form/div[3]/div[1]/ul//span[contains(normalize-space(.), 'Film Rachanun')]
2025-05-16 21:20:55,536 - INFO - 正在訪問投票頁面: https://www.thaiupdate.info/the-best-glamorous-star-final/
2025-05-16 21:21:05,471 - INFO - 嘗試使用 XPath 選擇候選人 'Film Rachanun'...
2025-05-16 21:21:05,607 - INFO - 已通過 XPath 點擊包含文本 'Film Rachanun' 的候選人選擇元素。
2025-05-16 21:21:06,612 - INFO - 嘗試使用 XPath 點擊投票按鈕: //*[@id='post-63076']/div[2]/div[2]/div/div/div/div/form/div[5]/a
2025-05-16 21:21:07,170 - INFO - 已通過 XPath 點擊投票按鈕。
2025-05-16 21:21:07,170 - INFO - 檢查投票結果...
2025-05-16 21:21:10,204 - INFO - 檢測到成功關鍵字: 'thank you for your vote'
2025-05-16 21:21:10,204 - INFO - 成功為 Film Rachanun 投票！
2025-05-16 21:21:12,209 - INFO - 關閉瀏覽器...
2025-05-16 21:21:12,315 - INFO - 瀏覽器已關閉。
2025-05-16 21:21:12,315 - INFO - --- 第 1 輪投票流程結束 ---
2025-05-16 21:21:12,315 - INFO - 下次投票計劃時間: 2025-05-16 21:26:12
2025-05-16 21:21:12,315 - INFO - 距離下次投票還有 4 分鐘 59 秒。休眠 60 秒。
2025-05-16 21:22:12,319 - INFO - 距離下次投票還有 3 分鐘 59 秒。休眠 60 秒。
